<?xml version="1.0" encoding="UTF-8"?>
<!-- Generated by org.testng.reporters.JUnitXMLReporter -->
<testsuite hostname="LAPTOP-HEFG5CIU" ignored="1" name="Test" tests="3" failures="0" timestamp="2022-04-28T23:13:28 IST" time="0.093" errors="0">
  <testcase name="methodC" time="0.012" classname="prachijoshi.RestAPITest"/>
  <testcase name="methodD" time="0.002" classname="prachijoshi.RestAPITest"/>
  <testcase name="methodF" time="0.001" classname="prachijoshi.SeleniumTest"/>
  <testcase name="methodE" time="0.0" classname="prachijoshi.SeleniumTest">
    <ignored/>
  </testcase> <!-- methodE -->
</testsuite> <!-- Test -->
