<?xml version="1.0" encoding="UTF-8"?>
<testng-results skipped="0" failed="0" ignored="1" total="4" passed="3">
  <reporter-output>
  </reporter-output>
  <suite name="Suite" duration-ms="93" started-at="2022-04-28T23:13:27 IST" finished-at="2022-04-28T23:13:28 IST">
    <groups>
    </groups>
    <test name="Test" duration-ms="93" started-at="2022-04-28T23:13:27 IST" finished-at="2022-04-28T23:13:28 IST">
      <class name="prachijoshi.RestAPITest">
        <test-method status="PASS" signature="methodC()[pri:0, instance:prachijoshi.RestAPITest@687080dc]" name="methodC" duration-ms="12" started-at="2022-04-28T23:13:28 IST" finished-at="2022-04-28T23:13:28 IST">
          <reporter-output>
          </reporter-output>
        </test-method> <!-- methodC -->
        <test-method status="PASS" signature="methodD()[pri:0, instance:prachijoshi.RestAPITest@687080dc]" name="methodD" duration-ms="2" started-at="2022-04-28T23:13:28 IST" finished-at="2022-04-28T23:13:28 IST">
          <reporter-output>
          </reporter-output>
        </test-method> <!-- methodD -->
      </class> <!-- prachijoshi.RestAPITest -->
      <class name="prachijoshi.SeleniumTest">
        <test-method status="PASS" signature="methodF()[pri:0, instance:prachijoshi.SeleniumTest@42d8062c]" name="methodF" duration-ms="1" started-at="2022-04-28T23:13:28 IST" finished-at="2022-04-28T23:13:28 IST">
          <reporter-output>
          </reporter-output>
        </test-method> <!-- methodF -->
      </class> <!-- prachijoshi.SeleniumTest -->
    </test> <!-- Test -->
  </suite> <!-- Suite -->
</testng-results>
